2025-12-13 18:18:59.658 [SwingWorker-pool-4-thread-2] WARN  FileSystemScanner - –ù–µ —É–¥–∞–ª–æ—Å—å –ø–æ–ª—É—á–∏—Ç—å –≤–ª–∞–¥–µ–ª—å—Ü–∞ —Ñ–∞–π–ª–∞: C:\DumpStack.log.tmp - C:\DumpStack.log.tmp: –ü—Ä–æ—Ü–µ—Å—Å –Ω–µ –º–æ–∂–µ—Ç –ø–æ–ª—É—á–∏—Ç—å –¥–æ—Å—Ç—É–ø –∫ —Ñ–∞–π–ª—É, —Ç–∞–∫ –∫–∞–∫ —ç—Ç–æ—Ç —Ñ–∞–π–ª –∑–∞–Ω—è—Ç –¥—Ä—É–≥–∏–º –ø—Ä–æ—Ü–µ—Å—Å–æ–º
2025-12-13 18:18:59.661 [SwingWorker-pool-4-thread-2] WARN  FileSystemScanner - –ù–µ —É–¥–∞–ª–æ—Å—å –ø–æ–ª—É—á–∏—Ç—å –≤–ª–∞–¥–µ–ª—å—Ü–∞ —Ñ–∞–π–ª–∞: C:\hiberfil.sys - C:\hiberfil.sys: –ü—Ä–æ—Ü–µ—Å—Å –Ω–µ –º–æ–∂–µ—Ç –ø–æ–ª—É—á–∏—Ç—å –¥–æ—Å—Ç—É–ø –∫ —Ñ–∞–π–ª—É, —Ç–∞–∫ –∫–∞–∫ —ç—Ç–æ—Ç —Ñ–∞–π–ª –∑–∞–Ω—è—Ç –¥—Ä—É–≥–∏–º –ø—Ä–æ—Ü–µ—Å—Å–æ–º
2025-12-13 18:18:59.663 [SwingWorker-pool-4-thread-2] WARN  FileSystemScanner - –ù–µ —É–¥–∞–ª–æ—Å—å –ø–æ–ª—É—á–∏—Ç—å –≤–ª–∞–¥–µ–ª—å—Ü–∞ —Ñ–∞–π–ª–∞: C:\pagefile.sys - C:\pagefile.sys: –ü—Ä–æ—Ü–µ—Å—Å –Ω–µ –º–æ–∂–µ—Ç –ø–æ–ª—É—á–∏—Ç—å –¥–æ—Å—Ç—É–ø –∫ —Ñ–∞–π–ª—É, —Ç–∞–∫ –∫–∞–∫ —ç—Ç–æ—Ç —Ñ–∞–π–ª –∑–∞–Ω—è—Ç –¥—Ä—É–≥–∏–º –ø—Ä–æ—Ü–µ—Å—Å–æ–º
2025-12-13 18:18:59.670 [SwingWorker-pool-4-thread-2] WARN  FileSystemScanner - –ù–µ —É–¥–∞–ª–æ—Å—å –ø–æ–ª—É—á–∏—Ç—å –≤–ª–∞–¥–µ–ª—å—Ü–∞ —Ñ–∞–π–ª–∞: C:\swapfile.sys - C:\swapfile.sys: –ü—Ä–æ—Ü–µ—Å—Å –Ω–µ –º–æ–∂–µ—Ç –ø–æ–ª—É—á–∏—Ç—å –¥–æ—Å—Ç—É–ø –∫ —Ñ–∞–π–ª—É, —Ç–∞–∫ –∫–∞–∫ —ç—Ç–æ—Ç —Ñ–∞–π–ª –∑–∞–Ω—è—Ç –¥—Ä—É–≥–∏–º –ø—Ä–æ—Ü–µ—Å—Å–æ–º
2025-12-13 18:28:05.458 [SwingWorker-pool-4-thread-1] WARN  FileSystemScanner - –ù–µ —É–¥–∞–ª–æ—Å—å –ø–æ–ª—É—á–∏—Ç—å –≤–ª–∞–¥–µ–ª—å—Ü–∞ —Ñ–∞–π–ª–∞: C:\DumpStack.log.tmp - C:\DumpStack.log.tmp: –ü—Ä–æ—Ü–µ—Å—Å –Ω–µ –º–æ–∂–µ—Ç –ø–æ–ª—É—á–∏—Ç—å –¥–æ—Å—Ç—É–ø –∫ —Ñ–∞–π–ª—É, —Ç–∞–∫ –∫–∞–∫ —ç—Ç–æ—Ç —Ñ–∞–π–ª –∑–∞–Ω—è—Ç –¥—Ä—É–≥–∏–º –ø—Ä–æ—Ü–µ—Å—Å–æ–º
2025-12-13 18:28:05.461 [SwingWorker-pool-4-thread-1] WARN  FileSystemScanner - –ù–µ —É–¥–∞–ª–æ—Å—å –ø–æ–ª—É—á–∏—Ç—å –≤–ª–∞–¥–µ–ª—å—Ü–∞ —Ñ–∞–π–ª–∞: C:\hiberfil.sys - C:\hiberfil.sys: –ü—Ä–æ—Ü–µ—Å—Å –Ω–µ –º–æ–∂–µ—Ç –ø–æ–ª—É—á–∏—Ç—å –¥–æ—Å—Ç—É–ø –∫ —Ñ–∞–π–ª—É, —Ç–∞–∫ –∫–∞–∫ —ç—Ç–æ—Ç —Ñ–∞–π–ª –∑–∞–Ω—è—Ç –¥—Ä—É–≥–∏–º –ø—Ä–æ—Ü–µ—Å—Å–æ–º
2025-12-13 18:28:05.464 [SwingWorker-pool-4-thread-1] WARN  FileSystemScanner - –ù–µ —É–¥–∞–ª–æ—Å—å –ø–æ–ª—É—á–∏—Ç—å –≤–ª–∞–¥–µ–ª—å—Ü–∞ —Ñ–∞–π–ª–∞: C:\pagefile.sys - C:\pagefile.sys: –ü—Ä–æ—Ü–µ—Å—Å –Ω–µ –º–æ–∂–µ—Ç –ø–æ–ª—É—á–∏—Ç—å –¥–æ—Å—Ç—É–ø –∫ —Ñ–∞–π–ª—É, —Ç–∞–∫ –∫–∞–∫ —ç—Ç–æ—Ç —Ñ–∞–π–ª –∑–∞–Ω—è—Ç –¥—Ä—É–≥–∏–º –ø—Ä–æ—Ü–µ—Å—Å–æ–º
2025-12-13 18:28:05.471 [SwingWorker-pool-4-thread-1] WARN  FileSystemScanner - –ù–µ —É–¥–∞–ª–æ—Å—å –ø–æ–ª—É—á–∏—Ç—å –≤–ª–∞–¥–µ–ª—å—Ü–∞ —Ñ–∞–π–ª–∞: C:\swapfile.sys - C:\swapfile.sys: –ü—Ä–æ—Ü–µ—Å—Å –Ω–µ –º–æ–∂–µ—Ç –ø–æ–ª—É—á–∏—Ç—å –¥–æ—Å—Ç—É–ø –∫ —Ñ–∞–π–ª—É, —Ç–∞–∫ –∫–∞–∫ —ç—Ç–æ—Ç —Ñ–∞–π–ª –∑–∞–Ω—è—Ç –¥—Ä—É–≥–∏–º –ø—Ä–æ—Ü–µ—Å—Å–æ–º
2025-12-13 18:28:06.187 [AWT-EventQueue-0] ERROR MainFrame - –û—à–∏–±–∫–∞ –ø—Ä–∏ —Ä–∞—Å—á–µ—Ç–µ —Å—Ç–∞—Ç–∏—Å—Ç–∏–∫–∏ –ø–∞–ø–∫–∏ C:\ (–õ–æ–∫–∞–ª—å–Ω—ã–π –¥–∏—Å–∫): java.io.UncheckedIOException: java.nio.file.AccessDeniedException: C:\Documents and Settings
java.util.concurrent.ExecutionException: java.io.UncheckedIOException: java.nio.file.AccessDeniedException: C:\Documents and Settings
	at java.base/java.util.concurrent.FutureTask.report(FutureTask.java:122) ~[?:?]
	at java.base/java.util.concurrent.FutureTask.get(FutureTask.java:191) ~[?:?]
	at java.desktop/javax.swing.SwingWorker.get(SwingWorker.java:613) ~[?:?]
	at com.filesystem.analyzer.gui.MainFrame$4.done(MainFrame.java:428) ~[main/:?]
	at java.desktop/javax.swing.SwingWorker$5.run(SwingWorker.java:750) ~[?:?]
	at java.desktop/javax.swing.SwingWorker$DoSubmitAccumulativeRunnable.run(SwingWorker.java:847) ~[?:?]
	at java.desktop/sun.swing.AccumulativeRunnable.run(AccumulativeRunnable.java:112) ~[?:?]
	at java.desktop/javax.swing.SwingWorker$DoSubmitAccumulativeRunnable.actionPerformed(SwingWorker.java:857) ~[?:?]
	at java.desktop/javax.swing.Timer.fireActionPerformed(Timer.java:310) ~[?:?]
	at java.desktop/javax.swing.Timer$DoPostEvent.run(Timer.java:242) ~[?:?]
	at java.desktop/java.awt.event.InvocationEvent.dispatch(InvocationEvent.java:316) ~[?:?]
	at java.desktop/java.awt.EventQueue.dispatchEventImpl(EventQueue.java:770) ~[?:?]
	at java.desktop/java.awt.EventQueue$4.run(EventQueue.java:721) ~[?:?]
	at java.desktop/java.awt.EventQueue$4.run(EventQueue.java:715) ~[?:?]
	at java.base/java.security.AccessController.doPrivileged(AccessController.java:391) [?:?]
	at java.base/java.security.ProtectionDomain$JavaSecurityAccessImpl.doIntersectionPrivilege(ProtectionDomain.java:85) [?:?]
	at java.desktop/java.awt.EventQueue.dispatchEvent(EventQueue.java:740) [?:?]
	at java.desktop/java.awt.EventDispatchThread.pumpOneEventForFilters(EventDispatchThread.java:203) [?:?]
	at java.desktop/java.awt.EventDispatchThread.pumpEventsForFilter(EventDispatchThread.java:124) [?:?]
	at java.desktop/java.awt.EventDispatchThread.pumpEventsForHierarchy(EventDispatchThread.java:113) [?:?]
	at java.desktop/java.awt.EventDispatchThread.pumpEvents(EventDispatchThread.java:109) [?:?]
	at java.desktop/java.awt.EventDispatchThread.pumpEvents(EventDispatchThread.java:101) [?:?]
	at java.desktop/java.awt.EventDispatchThread.run(EventDispatchThread.java:90) [?:?]
Caused by: java.io.UncheckedIOException: java.nio.file.AccessDeniedException: C:\Documents and Settings
	at java.base/java.nio.file.FileTreeIterator.fetchNextIfNeeded(FileTreeIterator.java:87) ~[?:?]
	at java.base/java.nio.file.FileTreeIterator.hasNext(FileTreeIterator.java:103) ~[?:?]
	at java.base/java.util.Spliterators$IteratorSpliterator.tryAdvance(Spliterators.java:1811) ~[?:?]
	at java.base/java.util.stream.StreamSpliterators$WrappingSpliterator.lambda$initPartialTraversalState$0(StreamSpliterators.java:294) ~[?:?]
	at java.base/java.util.stream.StreamSpliterators$AbstractWrappingSpliterator.fillBuffer(StreamSpliterators.java:206) ~[?:?]
	at java.base/java.util.stream.StreamSpliterators$AbstractWrappingSpliterator.doAdvance(StreamSpliterators.java:169) ~[?:?]
	at java.base/java.util.stream.StreamSpliterators$WrappingSpliterator.tryAdvance(StreamSpliterators.java:300) ~[?:?]
	at java.base/java.util.Spliterators$1Adapter.hasNext(Spliterators.java:681) ~[?:?]
	at com.filesystem.analyzer.utils.FileSystemScanner.getDirectoryStats(FileSystemScanner.java:175) ~[main/:?]
	at com.filesystem.analyzer.gui.MainFrame$4.doInBackground(MainFrame.java:422) ~[main/:?]
	at com.filesystem.analyzer.gui.MainFrame$4.doInBackground(MainFrame.java:418) ~[main/:?]
	at java.desktop/javax.swing.SwingWorker$1.call(SwingWorker.java:304) ~[?:?]
	at java.base/java.util.concurrent.FutureTask.run(FutureTask.java:264) ~[?:?]
	at java.desktop/javax.swing.SwingWorker.run(SwingWorker.java:343) ~[?:?]
	at java.base/java.util.concurrent.ThreadPoolExecutor.runWorker(ThreadPoolExecutor.java:1130) ~[?:?]
	at java.base/java.util.concurrent.ThreadPoolExecutor$Worker.run(ThreadPoolExecutor.java:630) ~[?:?]
	at java.base/java.lang.Thread.run(Thread.java:831) ~[?:?]
Caused by: java.nio.file.AccessDeniedException: C:\Documents and Settings
	at java.base/sun.nio.fs.WindowsException.translateToIOException(WindowsException.java:89) ~[?:?]
	at java.base/sun.nio.fs.WindowsException.rethrowAsIOException(WindowsException.java:103) ~[?:?]
	at java.base/sun.nio.fs.WindowsException.rethrowAsIOException(WindowsException.java:108) ~[?:?]
	at java.base/sun.nio.fs.WindowsDirectoryStream.<init>(WindowsDirectoryStream.java:86) ~[?:?]
	at java.base/sun.nio.fs.WindowsFileSystemProvider.newDirectoryStream(WindowsFileSystemProvider.java:533) ~[?:?]
	at java.base/java.nio.file.Files.newDirectoryStream(Files.java:476) ~[?:?]
	at java.base/java.nio.file.FileTreeWalker.visit(FileTreeWalker.java:300) ~[?:?]
	at java.base/java.nio.file.FileTreeWalker.next(FileTreeWalker.java:373) ~[?:?]
	at java.base/java.nio.file.FileTreeIterator.fetchNextIfNeeded(FileTreeIterator.java:94) ~[?:?]
	at java.base/java.nio.file.FileTreeIterator.hasNext(FileTreeIterator.java:103) ~[?:?]
	at java.base/java.util.Spliterators$IteratorSpliterator.tryAdvance(Spliterators.java:1811) ~[?:?]
	at java.base/java.util.stream.StreamSpliterators$WrappingSpliterator.lambda$initPartialTraversalState$0(StreamSpliterators.java:294) ~[?:?]
	at java.base/java.util.stream.StreamSpliterators$AbstractWrappingSpliterator.fillBuffer(StreamSpliterators.java:206) ~[?:?]
	at java.base/java.util.stream.StreamSpliterators$AbstractWrappingSpliterator.doAdvance(StreamSpliterators.java:169) ~[?:?]
	at java.base/java.util.stream.StreamSpliterators$WrappingSpliterator.tryAdvance(StreamSpliterators.java:300) ~[?:?]
	at java.base/java.util.Spliterators$1Adapter.hasNext(Spliterators.java:681) ~[?:?]
	at com.filesystem.analyzer.utils.FileSystemScanner.getDirectoryStats(FileSystemScanner.java:175) ~[main/:?]
	at com.filesystem.analyzer.gui.MainFrame$4.doInBackground(MainFrame.java:422) ~[main/:?]
	at com.filesystem.analyzer.gui.MainFrame$4.doInBackground(MainFrame.java:418) ~[main/:?]
	at java.desktop/javax.swing.SwingWorker$1.call(SwingWorker.java:304) ~[?:?]
	at java.base/java.util.concurrent.FutureTask.run(FutureTask.java:264) ~[?:?]
	at java.desktop/javax.swing.SwingWorker.run(SwingWorker.java:343) ~[?:?]
	at java.base/java.util.concurrent.ThreadPoolExecutor.runWorker(ThreadPoolExecutor.java:1130) ~[?:?]
	at java.base/java.util.concurrent.ThreadPoolExecutor$Worker.run(ThreadPoolExecutor.java:630) ~[?:?]
	at java.base/java.lang.Thread.run(Thread.java:831) ~[?:?]
2025-12-13 18:28:26.928 [AWT-EventQueue-0] ERROR MainFrame - –û—à–∏–±–∫–∞ –ø—Ä–∏ —Ä–∞—Å—á–µ—Ç–µ —Å—Ç–∞—Ç–∏—Å—Ç–∏–∫–∏ –ø–∞–ø–∫–∏ ProgramData: java.io.UncheckedIOException: java.nio.file.AccessDeniedException: C:\ProgramData\Application Data
java.util.concurrent.ExecutionException: java.io.UncheckedIOException: java.nio.file.AccessDeniedException: C:\ProgramData\Application Data
	at java.base/java.util.concurrent.FutureTask.report(FutureTask.java:122) ~[?:?]
	at java.base/java.util.concurrent.FutureTask.get(FutureTask.java:191) ~[?:?]
	at java.desktop/javax.swing.SwingWorker.get(SwingWorker.java:613) ~[?:?]
	at com.filesystem.analyzer.gui.MainFrame$4.done(MainFrame.java:428) ~[main/:?]
	at java.desktop/javax.swing.SwingWorker$5.run(SwingWorker.java:750) ~[?:?]
	at java.desktop/javax.swing.SwingWorker$DoSubmitAccumulativeRunnable.run(SwingWorker.java:847) ~[?:?]
	at java.desktop/sun.swing.AccumulativeRunnable.run(AccumulativeRunnable.java:112) ~[?:?]
	at java.desktop/javax.swing.SwingWorker$DoSubmitAccumulativeRunnable.actionPerformed(SwingWorker.java:857) ~[?:?]
	at java.desktop/javax.swing.Timer.fireActionPerformed(Timer.java:310) ~[?:?]
	at java.desktop/javax.swing.Timer$DoPostEvent.run(Timer.java:242) ~[?:?]
	at java.desktop/java.awt.event.InvocationEvent.dispatch(InvocationEvent.java:316) ~[?:?]
	at java.desktop/java.awt.EventQueue.dispatchEventImpl(EventQueue.java:770) ~[?:?]
	at java.desktop/java.awt.EventQueue$4.run(EventQueue.java:721) ~[?:?]
	at java.desktop/java.awt.EventQueue$4.run(EventQueue.java:715) ~[?:?]
	at java.base/java.security.AccessController.doPrivileged(AccessController.java:391) [?:?]
	at java.base/java.security.ProtectionDomain$JavaSecurityAccessImpl.doIntersectionPrivilege(ProtectionDomain.java:85) [?:?]
	at java.desktop/java.awt.EventQueue.dispatchEvent(EventQueue.java:740) [?:?]
	at java.desktop/java.awt.EventDispatchThread.pumpOneEventForFilters(EventDispatchThread.java:203) [?:?]
	at java.desktop/java.awt.EventDispatchThread.pumpEventsForFilter(EventDispatchThread.java:124) [?:?]
	at java.desktop/java.awt.EventDispatchThread.pumpEventsForHierarchy(EventDispatchThread.java:113) [?:?]
	at java.desktop/java.awt.EventDispatchThread.pumpEvents(EventDispatchThread.java:109) [?:?]
	at java.desktop/java.awt.EventDispatchThread.pumpEvents(EventDispatchThread.java:101) [?:?]
	at java.desktop/java.awt.EventDispatchThread.run(EventDispatchThread.java:90) [?:?]
Caused by: java.io.UncheckedIOException: java.nio.file.AccessDeniedException: C:\ProgramData\Application Data
	at java.base/java.nio.file.FileTreeIterator.fetchNextIfNeeded(FileTreeIterator.java:87) ~[?:?]
	at java.base/java.nio.file.FileTreeIterator.hasNext(FileTreeIterator.java:103) ~[?:?]
	at java.base/java.util.Spliterators$IteratorSpliterator.tryAdvance(Spliterators.java:1811) ~[?:?]
	at java.base/java.util.stream.StreamSpliterators$WrappingSpliterator.lambda$initPartialTraversalState$0(StreamSpliterators.java:294) ~[?:?]
	at java.base/java.util.stream.StreamSpliterators$AbstractWrappingSpliterator.fillBuffer(StreamSpliterators.java:206) ~[?:?]
	at java.base/java.util.stream.StreamSpliterators$AbstractWrappingSpliterator.doAdvance(StreamSpliterators.java:169) ~[?:?]
	at java.base/java.util.stream.StreamSpliterators$WrappingSpliterator.tryAdvance(StreamSpliterators.java:300) ~[?:?]
	at java.base/java.util.Spliterators$1Adapter.hasNext(Spliterators.java:681) ~[?:?]
	at com.filesystem.analyzer.utils.FileSystemScanner.getDirectoryStats(FileSystemScanner.java:175) ~[main/:?]
	at com.filesystem.analyzer.gui.MainFrame$4.doInBackground(MainFrame.java:422) ~[main/:?]
	at com.filesystem.analyzer.gui.MainFrame$4.doInBackground(MainFrame.java:418) ~[main/:?]
	at java.desktop/javax.swing.SwingWorker$1.call(SwingWorker.java:304) ~[?:?]
	at java.base/java.util.concurrent.FutureTask.run(FutureTask.java:264) ~[?:?]
	at java.desktop/javax.swing.SwingWorker.run(SwingWorker.java:343) ~[?:?]
	at java.base/java.util.concurrent.ThreadPoolExecutor.runWorker(ThreadPoolExecutor.java:1130) ~[?:?]
	at java.base/java.util.concurrent.ThreadPoolExecutor$Worker.run(ThreadPoolExecutor.java:630) ~[?:?]
	at java.base/java.lang.Thread.run(Thread.java:831) ~[?:?]
Caused by: java.nio.file.AccessDeniedException: C:\ProgramData\Application Data
	at java.base/sun.nio.fs.WindowsException.translateToIOException(WindowsException.java:89) ~[?:?]
	at java.base/sun.nio.fs.WindowsException.rethrowAsIOException(WindowsException.java:103) ~[?:?]
	at java.base/sun.nio.fs.WindowsException.rethrowAsIOException(WindowsException.java:108) ~[?:?]
	at java.base/sun.nio.fs.WindowsDirectoryStream.<init>(WindowsDirectoryStream.java:86) ~[?:?]
	at java.base/sun.nio.fs.WindowsFileSystemProvider.newDirectoryStream(WindowsFileSystemProvider.java:533) ~[?:?]
	at java.base/java.nio.file.Files.newDirectoryStream(Files.java:476) ~[?:?]
	at java.base/java.nio.file.FileTreeWalker.visit(FileTreeWalker.java:300) ~[?:?]
	at java.base/java.nio.file.FileTreeWalker.next(FileTreeWalker.java:373) ~[?:?]
	at java.base/java.nio.file.FileTreeIterator.fetchNextIfNeeded(FileTreeIterator.java:83) ~[?:?]
	at java.base/java.nio.file.FileTreeIterator.hasNext(FileTreeIterator.java:103) ~[?:?]
	at java.base/java.util.Spliterators$IteratorSpliterator.tryAdvance(Spliterators.java:1811) ~[?:?]
	at java.base/java.util.stream.StreamSpliterators$WrappingSpliterator.lambda$initPartialTraversalState$0(StreamSpliterators.java:294) ~[?:?]
	at java.base/java.util.stream.StreamSpliterators$AbstractWrappingSpliterator.fillBuffer(StreamSpliterators.java:206) ~[?:?]
	at java.base/java.util.stream.StreamSpliterators$AbstractWrappingSpliterator.doAdvance(StreamSpliterators.java:169) ~[?:?]
	at java.base/java.util.stream.StreamSpliterators$WrappingSpliterator.tryAdvance(StreamSpliterators.java:300) ~[?:?]
	at java.base/java.util.Spliterators$1Adapter.hasNext(Spliterators.java:681) ~[?:?]
	at com.filesystem.analyzer.utils.FileSystemScanner.getDirectoryStats(FileSystemScanner.java:175) ~[main/:?]
	at com.filesystem.analyzer.gui.MainFrame$4.doInBackground(MainFrame.java:422) ~[main/:?]
	at com.filesystem.analyzer.gui.MainFrame$4.doInBackground(MainFrame.java:418) ~[main/:?]
	at java.desktop/javax.swing.SwingWorker$1.call(SwingWorker.java:304) ~[?:?]
	at java.base/java.util.concurrent.FutureTask.run(FutureTask.java:264) ~[?:?]
	at java.desktop/javax.swing.SwingWorker.run(SwingWorker.java:343) ~[?:?]
	at java.base/java.util.concurrent.ThreadPoolExecutor.runWorker(ThreadPoolExecutor.java:1130) ~[?:?]
	at java.base/java.util.concurrent.ThreadPoolExecutor$Worker.run(ThreadPoolExecutor.java:630) ~[?:?]
	at java.base/java.lang.Thread.run(Thread.java:831) ~[?:?]
2025-12-13 18:29:04.005 [SwingWorker-pool-4-thread-1] WARN  FileSystemScanner - –ù–µ —É–¥–∞–ª–æ—Å—å –ø–æ–ª—É—á–∏—Ç—å –≤–ª–∞–¥–µ–ª—å—Ü–∞ —Ñ–∞–π–ª–∞: C:\DumpStack.log.tmp - C:\DumpStack.log.tmp: –ü—Ä–æ—Ü–µ—Å—Å –Ω–µ –º–æ–∂–µ—Ç –ø–æ–ª—É—á–∏—Ç—å –¥–æ—Å—Ç—É–ø –∫ —Ñ–∞–π–ª—É, —Ç–∞–∫ –∫–∞–∫ —ç—Ç–æ—Ç —Ñ–∞–π–ª –∑–∞–Ω—è—Ç –¥—Ä—É–≥–∏–º –ø—Ä–æ—Ü–µ—Å—Å–æ–º
2025-12-13 18:29:04.007 [SwingWorker-pool-4-thread-1] WARN  FileSystemScanner - –ù–µ —É–¥–∞–ª–æ—Å—å –ø–æ–ª—É—á–∏—Ç—å –≤–ª–∞–¥–µ–ª—å—Ü–∞ —Ñ–∞–π–ª–∞: C:\hiberfil.sys - C:\hiberfil.sys: –ü—Ä–æ—Ü–µ—Å—Å –Ω–µ –º–æ–∂–µ—Ç –ø–æ–ª—É—á–∏—Ç—å –¥–æ—Å—Ç—É–ø –∫ —Ñ–∞–π–ª—É, —Ç–∞–∫ –∫–∞–∫ —ç—Ç–æ—Ç —Ñ–∞–π–ª –∑–∞–Ω—è—Ç –¥—Ä—É–≥–∏–º –ø—Ä–æ—Ü–µ—Å—Å–æ–º
2025-12-13 18:29:04.010 [SwingWorker-pool-4-thread-1] WARN  FileSystemScanner - –ù–µ —É–¥–∞–ª–æ—Å—å –ø–æ–ª—É—á–∏—Ç—å –≤–ª–∞–¥–µ–ª—å—Ü–∞ —Ñ–∞–π–ª–∞: C:\pagefile.sys - C:\pagefile.sys: –ü—Ä–æ—Ü–µ—Å—Å –Ω–µ –º–æ–∂–µ—Ç –ø–æ–ª—É—á–∏—Ç—å –¥–æ—Å—Ç—É–ø –∫ —Ñ–∞–π–ª—É, —Ç–∞–∫ –∫–∞–∫ —ç—Ç–æ—Ç —Ñ–∞–π–ª –∑–∞–Ω—è—Ç –¥—Ä—É–≥–∏–º –ø—Ä–æ—Ü–µ—Å—Å–æ–º
2025-12-13 18:29:04.017 [SwingWorker-pool-4-thread-1] WARN  FileSystemScanner - –ù–µ —É–¥–∞–ª–æ—Å—å –ø–æ–ª—É—á–∏—Ç—å –≤–ª–∞–¥–µ–ª—å—Ü–∞ —Ñ–∞–π–ª–∞: C:\swapfile.sys - C:\swapfile.sys: –ü—Ä–æ—Ü–µ—Å—Å –Ω–µ –º–æ–∂–µ—Ç –ø–æ–ª—É—á–∏—Ç—å –¥–æ—Å—Ç—É–ø –∫ —Ñ–∞–π–ª—É, —Ç–∞–∫ –∫–∞–∫ —ç—Ç–æ—Ç —Ñ–∞–π–ª –∑–∞–Ω—è—Ç –¥—Ä—É–≥–∏–º –ø—Ä–æ—Ü–µ—Å—Å–æ–º
2025-12-13 18:29:12.233 [AWT-EventQueue-0] ERROR MainFrame - –û—à–∏–±–∫–∞ –ø—Ä–∏ —Ä–∞—Å—á–µ—Ç–µ —Å—Ç–∞—Ç–∏—Å—Ç–∏–∫–∏ –ø–∞–ø–∫–∏ Program Files: java.io.UncheckedIOException: java.nio.file.AccessDeniedException: C:\Program Files\Windows Defender Advanced Threat Protection\Classification\Configuration
java.util.concurrent.ExecutionException: java.io.UncheckedIOException: java.nio.file.AccessDeniedException: C:\Program Files\Windows Defender Advanced Threat Protection\Classification\Configuration
	at java.base/java.util.concurrent.FutureTask.report(FutureTask.java:122) ~[?:?]
	at java.base/java.util.concurrent.FutureTask.get(FutureTask.java:191) ~[?:?]
	at java.desktop/javax.swing.SwingWorker.get(SwingWorker.java:613) ~[?:?]
	at com.filesystem.analyzer.gui.MainFrame$4.done(MainFrame.java:428) ~[main/:?]
	at java.desktop/javax.swing.SwingWorker$5.run(SwingWorker.java:750) ~[?:?]
	at java.desktop/javax.swing.SwingWorker$DoSubmitAccumulativeRunnable.run(SwingWorker.java:847) ~[?:?]
	at java.desktop/sun.swing.AccumulativeRunnable.run(AccumulativeRunnable.java:112) ~[?:?]
	at java.desktop/javax.swing.SwingWorker$DoSubmitAccumulativeRunnable.actionPerformed(SwingWorker.java:857) ~[?:?]
	at java.desktop/javax.swing.Timer.fireActionPerformed(Timer.java:310) ~[?:?]
	at java.desktop/javax.swing.Timer$DoPostEvent.run(Timer.java:242) ~[?:?]
	at java.desktop/java.awt.event.InvocationEvent.dispatch(InvocationEvent.java:316) ~[?:?]
	at java.desktop/java.awt.EventQueue.dispatchEventImpl(EventQueue.java:770) ~[?:?]
	at java.desktop/java.awt.EventQueue$4.run(EventQueue.java:721) ~[?:?]
	at java.desktop/java.awt.EventQueue$4.run(EventQueue.java:715) ~[?:?]
	at java.base/java.security.AccessController.doPrivileged(AccessController.java:391) [?:?]
	at java.base/java.security.ProtectionDomain$JavaSecurityAccessImpl.doIntersectionPrivilege(ProtectionDomain.java:85) [?:?]
	at java.desktop/java.awt.EventQueue.dispatchEvent(EventQueue.java:740) [?:?]
	at java.desktop/java.awt.EventDispatchThread.pumpOneEventForFilters(EventDispatchThread.java:203) [?:?]
	at java.desktop/java.awt.EventDispatchThread.pumpEventsForFilter(EventDispatchThread.java:124) [?:?]
	at java.desktop/java.awt.EventDispatchThread.pumpEventsForHierarchy(EventDispatchThread.java:113) [?:?]
	at java.desktop/java.awt.EventDispatchThread.pumpEvents(EventDispatchThread.java:109) [?:?]
	at java.desktop/java.awt.EventDispatchThread.pumpEvents(EventDispatchThread.java:101) [?:?]
	at java.desktop/java.awt.EventDispatchThread.run(EventDispatchThread.java:90) [?:?]
Caused by: java.io.UncheckedIOException: java.nio.file.AccessDeniedException: C:\Program Files\Windows Defender Advanced Threat Protection\Classification\Configuration
	at java.base/java.nio.file.FileTreeIterator.fetchNextIfNeeded(FileTreeIterator.java:87) ~[?:?]
	at java.base/java.nio.file.FileTreeIterator.hasNext(FileTreeIterator.java:103) ~[?:?]
	at java.base/java.util.Spliterators$IteratorSpliterator.tryAdvance(Spliterators.java:1811) ~[?:?]
	at java.base/java.util.stream.StreamSpliterators$WrappingSpliterator.lambda$initPartialTraversalState$0(StreamSpliterators.java:294) ~[?:?]
	at java.base/java.util.stream.StreamSpliterators$AbstractWrappingSpliterator.fillBuffer(StreamSpliterators.java:206) ~[?:?]
	at java.base/java.util.stream.StreamSpliterators$AbstractWrappingSpliterator.doAdvance(StreamSpliterators.java:169) ~[?:?]
	at java.base/java.util.stream.StreamSpliterators$WrappingSpliterator.tryAdvance(StreamSpliterators.java:300) ~[?:?]
	at java.base/java.util.Spliterators$1Adapter.hasNext(Spliterators.java:681) ~[?:?]
	at com.filesystem.analyzer.utils.FileSystemScanner.getDirectoryStats(FileSystemScanner.java:175) ~[main/:?]
	at com.filesystem.analyzer.gui.MainFrame$4.doInBackground(MainFrame.java:422) ~[main/:?]
	at com.filesystem.analyzer.gui.MainFrame$4.doInBackground(MainFrame.java:418) ~[main/:?]
	at java.desktop/javax.swing.SwingWorker$1.call(SwingWorker.java:304) ~[?:?]
	at java.base/java.util.concurrent.FutureTask.run(FutureTask.java:264) ~[?:?]
	at java.desktop/javax.swing.SwingWorker.run(SwingWorker.java:343) ~[?:?]
	at java.base/java.util.concurrent.ThreadPoolExecutor.runWorker(ThreadPoolExecutor.java:1130) ~[?:?]
	at java.base/java.util.concurrent.ThreadPoolExecutor$Worker.run(ThreadPoolExecutor.java:630) ~[?:?]
	at java.base/java.lang.Thread.run(Thread.java:831) ~[?:?]
Caused by: java.nio.file.AccessDeniedException: C:\Program Files\Windows Defender Advanced Threat Protection\Classification\Configuration
	at java.base/sun.nio.fs.WindowsException.translateToIOException(WindowsException.java:89) ~[?:?]
	at java.base/sun.nio.fs.WindowsException.rethrowAsIOException(WindowsException.java:103) ~[?:?]
	at java.base/sun.nio.fs.WindowsException.rethrowAsIOException(WindowsException.java:108) ~[?:?]
	at java.base/sun.nio.fs.WindowsDirectoryStream.<init>(WindowsDirectoryStream.java:86) ~[?:?]
	at java.base/sun.nio.fs.WindowsFileSystemProvider.newDirectoryStream(WindowsFileSystemProvider.java:533) ~[?:?]
	at java.base/java.nio.file.Files.newDirectoryStream(Files.java:476) ~[?:?]
	at java.base/java.nio.file.FileTreeWalker.visit(FileTreeWalker.java:300) ~[?:?]
	at java.base/java.nio.file.FileTreeWalker.next(FileTreeWalker.java:373) ~[?:?]
	at java.base/java.nio.file.FileTreeIterator.fetchNextIfNeeded(FileTreeIterator.java:83) ~[?:?]
	at java.base/java.nio.file.FileTreeIterator.hasNext(FileTreeIterator.java:103) ~[?:?]
	at java.base/java.util.Spliterators$IteratorSpliterator.tryAdvance(Spliterators.java:1811) ~[?:?]
	at java.base/java.util.stream.StreamSpliterators$WrappingSpliterator.lambda$initPartialTraversalState$0(StreamSpliterators.java:294) ~[?:?]
	at java.base/java.util.stream.StreamSpliterators$AbstractWrappingSpliterator.fillBuffer(StreamSpliterators.java:206) ~[?:?]
	at java.base/java.util.stream.StreamSpliterators$AbstractWrappingSpliterator.doAdvance(StreamSpliterators.java:169) ~[?:?]
	at java.base/java.util.stream.StreamSpliterators$WrappingSpliterator.tryAdvance(StreamSpliterators.java:300) ~[?:?]
	at java.base/java.util.Spliterators$1Adapter.hasNext(Spliterators.java:681) ~[?:?]
	at com.filesystem.analyzer.utils.FileSystemScanner.getDirectoryStats(FileSystemScanner.java:175) ~[main/:?]
	at com.filesystem.analyzer.gui.MainFrame$4.doInBackground(MainFrame.java:422) ~[main/:?]
	at com.filesystem.analyzer.gui.MainFrame$4.doInBackground(MainFrame.java:418) ~[main/:?]
	at java.desktop/javax.swing.SwingWorker$1.call(SwingWorker.java:304) ~[?:?]
	at java.base/java.util.concurrent.FutureTask.run(FutureTask.java:264) ~[?:?]
	at java.desktop/javax.swing.SwingWorker.run(SwingWorker.java:343) ~[?:?]
	at java.base/java.util.concurrent.ThreadPoolExecutor.runWorker(ThreadPoolExecutor.java:1130) ~[?:?]
	at java.base/java.util.concurrent.ThreadPoolExecutor$Worker.run(ThreadPoolExecutor.java:630) ~[?:?]
	at java.base/java.lang.Thread.run(Thread.java:831) ~[?:?]
2025-12-13 18:30:59.557 [AWT-EventQueue-0] ERROR MainFrame - –û—à–∏–±–∫–∞ –ø—Ä–∏ —Ä–∞—Å—á–µ—Ç–µ —Å—Ç–∞—Ç–∏—Å—Ç–∏–∫–∏ –ø–∞–ø–∫–∏ C:\ (–õ–æ–∫–∞–ª—å–Ω—ã–π –¥–∏—Å–∫): java.io.UncheckedIOException: java.nio.file.AccessDeniedException: C:\Documents and Settings
java.util.concurrent.ExecutionException: java.io.UncheckedIOException: java.nio.file.AccessDeniedException: C:\Documents and Settings
	at java.base/java.util.concurrent.FutureTask.report(FutureTask.java:122) ~[?:?]
	at java.base/java.util.concurrent.FutureTask.get(FutureTask.java:191) ~[?:?]
	at java.desktop/javax.swing.SwingWorker.get(SwingWorker.java:613) ~[?:?]
	at com.filesystem.analyzer.gui.MainFrame$4.done(MainFrame.java:428) ~[main/:?]
	at java.desktop/javax.swing.SwingWorker$5.run(SwingWorker.java:750) ~[?:?]
	at java.desktop/javax.swing.SwingWorker$DoSubmitAccumulativeRunnable.run(SwingWorker.java:847) ~[?:?]
	at java.desktop/sun.swing.AccumulativeRunnable.run(AccumulativeRunnable.java:112) ~[?:?]
	at java.desktop/javax.swing.SwingWorker$DoSubmitAccumulativeRunnable.actionPerformed(SwingWorker.java:857) ~[?:?]
	at java.desktop/javax.swing.Timer.fireActionPerformed(Timer.java:310) ~[?:?]
	at java.desktop/javax.swing.Timer$DoPostEvent.run(Timer.java:242) ~[?:?]
	at java.desktop/java.awt.event.InvocationEvent.dispatch(InvocationEvent.java:316) ~[?:?]
	at java.desktop/java.awt.EventQueue.dispatchEventImpl(EventQueue.java:770) ~[?:?]
	at java.desktop/java.awt.EventQueue$4.run(EventQueue.java:721) ~[?:?]
	at java.desktop/java.awt.EventQueue$4.run(EventQueue.java:715) ~[?:?]
	at java.base/java.security.AccessController.doPrivileged(AccessController.java:391) [?:?]
	at java.base/java.security.ProtectionDomain$JavaSecurityAccessImpl.doIntersectionPrivilege(ProtectionDomain.java:85) [?:?]
	at java.desktop/java.awt.EventQueue.dispatchEvent(EventQueue.java:740) [?:?]
	at java.desktop/java.awt.EventDispatchThread.pumpOneEventForFilters(EventDispatchThread.java:203) [?:?]
	at java.desktop/java.awt.EventDispatchThread.pumpEventsForFilter(EventDispatchThread.java:124) [?:?]
	at java.desktop/java.awt.EventDispatchThread.pumpEventsForHierarchy(EventDispatchThread.java:113) [?:?]
	at java.desktop/java.awt.EventDispatchThread.pumpEvents(EventDispatchThread.java:109) [?:?]
	at java.desktop/java.awt.EventDispatchThread.pumpEvents(EventDispatchThread.java:101) [?:?]
	at java.desktop/java.awt.EventDispatchThread.run(EventDispatchThread.java:90) [?:?]
Caused by: java.io.UncheckedIOException: java.nio.file.AccessDeniedException: C:\Documents and Settings
	at java.base/java.nio.file.FileTreeIterator.fetchNextIfNeeded(FileTreeIterator.java:87) ~[?:?]
	at java.base/java.nio.file.FileTreeIterator.hasNext(FileTreeIterator.java:103) ~[?:?]
	at java.base/java.util.Spliterators$IteratorSpliterator.tryAdvance(Spliterators.java:1811) ~[?:?]
	at java.base/java.util.stream.StreamSpliterators$WrappingSpliterator.lambda$initPartialTraversalState$0(StreamSpliterators.java:294) ~[?:?]
	at java.base/java.util.stream.StreamSpliterators$AbstractWrappingSpliterator.fillBuffer(StreamSpliterators.java:206) ~[?:?]
	at java.base/java.util.stream.StreamSpliterators$AbstractWrappingSpliterator.doAdvance(StreamSpliterators.java:169) ~[?:?]
	at java.base/java.util.stream.StreamSpliterators$WrappingSpliterator.tryAdvance(StreamSpliterators.java:300) ~[?:?]
	at java.base/java.util.Spliterators$1Adapter.hasNext(Spliterators.java:681) ~[?:?]
	at com.filesystem.analyzer.utils.FileSystemScanner.getDirectoryStats(FileSystemScanner.java:175) ~[main/:?]
	at com.filesystem.analyzer.gui.MainFrame$4.doInBackground(MainFrame.java:422) ~[main/:?]
	at com.filesystem.analyzer.gui.MainFrame$4.doInBackground(MainFrame.java:418) ~[main/:?]
	at java.desktop/javax.swing.SwingWorker$1.call(SwingWorker.java:304) ~[?:?]
	at java.base/java.util.concurrent.FutureTask.run(FutureTask.java:264) ~[?:?]
	at java.desktop/javax.swing.SwingWorker.run(SwingWorker.java:343) ~[?:?]
	at java.base/java.util.concurrent.ThreadPoolExecutor.runWorker(ThreadPoolExecutor.java:1130) ~[?:?]
	at java.base/java.util.concurrent.ThreadPoolExecutor$Worker.run(ThreadPoolExecutor.java:630) ~[?:?]
	at java.base/java.lang.Thread.run(Thread.java:831) ~[?:?]
Caused by: java.nio.file.AccessDeniedException: C:\Documents and Settings
	at java.base/sun.nio.fs.WindowsException.translateToIOException(WindowsException.java:89) ~[?:?]
	at java.base/sun.nio.fs.WindowsException.rethrowAsIOException(WindowsException.java:103) ~[?:?]
	at java.base/sun.nio.fs.WindowsException.rethrowAsIOException(WindowsException.java:108) ~[?:?]
	at java.base/sun.nio.fs.WindowsDirectoryStream.<init>(WindowsDirectoryStream.java:86) ~[?:?]
	at java.base/sun.nio.fs.WindowsFileSystemProvider.newDirectoryStream(WindowsFileSystemProvider.java:533) ~[?:?]
	at java.base/java.nio.file.Files.newDirectoryStream(Files.java:476) ~[?:?]
	at java.base/java.nio.file.FileTreeWalker.visit(FileTreeWalker.java:300) ~[?:?]
	at java.base/java.nio.file.FileTreeWalker.next(FileTreeWalker.java:373) ~[?:?]
	at java.base/java.nio.file.FileTreeIterator.fetchNextIfNeeded(FileTreeIterator.java:94) ~[?:?]
	at java.base/java.nio.file.FileTreeIterator.hasNext(FileTreeIterator.java:103) ~[?:?]
	at java.base/java.util.Spliterators$IteratorSpliterator.tryAdvance(Spliterators.java:1811) ~[?:?]
	at java.base/java.util.stream.StreamSpliterators$WrappingSpliterator.lambda$initPartialTraversalState$0(StreamSpliterators.java:294) ~[?:?]
	at java.base/java.util.stream.StreamSpliterators$AbstractWrappingSpliterator.fillBuffer(StreamSpliterators.java:206) ~[?:?]
	at java.base/java.util.stream.StreamSpliterators$AbstractWrappingSpliterator.doAdvance(StreamSpliterators.java:169) ~[?:?]
	at java.base/java.util.stream.StreamSpliterators$WrappingSpliterator.tryAdvance(StreamSpliterators.java:300) ~[?:?]
	at java.base/java.util.Spliterators$1Adapter.hasNext(Spliterators.java:681) ~[?:?]
	at com.filesystem.analyzer.utils.FileSystemScanner.getDirectoryStats(FileSystemScanner.java:175) ~[main/:?]
	at com.filesystem.analyzer.gui.MainFrame$4.doInBackground(MainFrame.java:422) ~[main/:?]
	at com.filesystem.analyzer.gui.MainFrame$4.doInBackground(MainFrame.java:418) ~[main/:?]
	at java.desktop/javax.swing.SwingWorker$1.call(SwingWorker.java:304) ~[?:?]
	at java.base/java.util.concurrent.FutureTask.run(FutureTask.java:264) ~[?:?]
	at java.desktop/javax.swing.SwingWorker.run(SwingWorker.java:343) ~[?:?]
	at java.base/java.util.concurrent.ThreadPoolExecutor.runWorker(ThreadPoolExecutor.java:1130) ~[?:?]
	at java.base/java.util.concurrent.ThreadPoolExecutor$Worker.run(ThreadPoolExecutor.java:630) ~[?:?]
	at java.base/java.lang.Thread.run(Thread.java:831) ~[?:?]
2025-12-13 18:31:22.589 [SwingWorker-pool-4-thread-2] WARN  FileSystemScanner - –ù–µ —É–¥–∞–ª–æ—Å—å –ø–æ–ª—É—á–∏—Ç—å –≤–ª–∞–¥–µ–ª—å—Ü–∞ —Ñ–∞–π–ª–∞: C:\DumpStack.log.tmp - C:\DumpStack.log.tmp: –ü—Ä–æ—Ü–µ—Å—Å –Ω–µ –º–æ–∂–µ—Ç –ø–æ–ª—É—á–∏—Ç—å –¥–æ—Å—Ç—É–ø –∫ —Ñ–∞–π–ª—É, —Ç–∞–∫ –∫–∞–∫ —ç—Ç–æ—Ç —Ñ–∞–π–ª –∑–∞–Ω—è—Ç –¥—Ä—É–≥–∏–º –ø—Ä–æ—Ü–µ—Å—Å–æ–º
2025-12-13 18:31:22.590 [SwingWorker-pool-4-thread-2] WARN  FileSystemScanner - –ù–µ —É–¥–∞–ª–æ—Å—å –ø–æ–ª—É—á–∏—Ç—å –≤–ª–∞–¥–µ–ª—å—Ü–∞ —Ñ–∞–π–ª–∞: C:\hiberfil.sys - C:\hiberfil.sys: –ü—Ä–æ—Ü–µ—Å—Å –Ω–µ –º–æ–∂–µ—Ç –ø–æ–ª—É—á–∏—Ç—å –¥–æ—Å—Ç—É–ø –∫ —Ñ–∞–π–ª—É, —Ç–∞–∫ –∫–∞–∫ —ç—Ç–æ—Ç —Ñ–∞–π–ª –∑–∞–Ω—è—Ç –¥—Ä—É–≥–∏–º –ø—Ä–æ—Ü–µ—Å—Å–æ–º
2025-12-13 18:31:22.593 [SwingWorker-pool-4-thread-2] WARN  FileSystemScanner - –ù–µ —É–¥–∞–ª–æ—Å—å –ø–æ–ª—É—á–∏—Ç—å –≤–ª–∞–¥–µ–ª—å—Ü–∞ —Ñ–∞–π–ª–∞: C:\pagefile.sys - C:\pagefile.sys: –ü—Ä–æ—Ü–µ—Å—Å –Ω–µ –º–æ–∂–µ—Ç –ø–æ–ª—É—á–∏—Ç—å –¥–æ—Å—Ç—É–ø –∫ —Ñ–∞–π–ª—É, —Ç–∞–∫ –∫–∞–∫ —ç—Ç–æ—Ç —Ñ–∞–π–ª –∑–∞–Ω—è—Ç –¥—Ä—É–≥–∏–º –ø—Ä–æ—Ü–µ—Å—Å–æ–º
2025-12-13 18:31:22.599 [SwingWorker-pool-4-thread-2] WARN  FileSystemScanner - –ù–µ —É–¥–∞–ª–æ—Å—å –ø–æ–ª—É—á–∏—Ç—å –≤–ª–∞–¥–µ–ª—å—Ü–∞ —Ñ–∞–π–ª–∞: C:\swapfile.sys - C:\swapfile.sys: –ü—Ä–æ—Ü–µ—Å—Å –Ω–µ –º–æ–∂–µ—Ç –ø–æ–ª—É—á–∏—Ç—å –¥–æ—Å—Ç—É–ø –∫ —Ñ–∞–π–ª—É, —Ç–∞–∫ –∫–∞–∫ —ç—Ç–æ—Ç —Ñ–∞–π–ª –∑–∞–Ω—è—Ç –¥—Ä—É–≥–∏–º –ø—Ä–æ—Ü–µ—Å—Å–æ–º
2025-12-13 18:44:32.387 [AWT-EventQueue-0] ERROR MainFrame - –û—à–∏–±–∫–∞ –ø—Ä–∏ —Ä–∞—Å—á–µ—Ç–µ —Å—Ç–∞—Ç–∏—Å—Ç–∏–∫–∏ –ø–∞–ø–∫–∏ C:\ (–õ–æ–∫–∞–ª—å–Ω—ã–π –¥–∏—Å–∫): java.io.UncheckedIOException: java.nio.file.AccessDeniedException: C:\Documents and Settings
java.util.concurrent.ExecutionException: java.io.UncheckedIOException: java.nio.file.AccessDeniedException: C:\Documents and Settings
	at java.base/java.util.concurrent.FutureTask.report(FutureTask.java:122) ~[?:?]
	at java.base/java.util.concurrent.FutureTask.get(FutureTask.java:191) ~[?:?]
	at java.desktop/javax.swing.SwingWorker.get(SwingWorker.java:613) ~[?:?]
	at com.filesystem.analyzer.gui.MainFrame$4.done(MainFrame.java:428) ~[main/:?]
	at java.desktop/javax.swing.SwingWorker$5.run(SwingWorker.java:750) ~[?:?]
	at java.desktop/javax.swing.SwingWorker$DoSubmitAccumulativeRunnable.run(SwingWorker.java:847) ~[?:?]
	at java.desktop/sun.swing.AccumulativeRunnable.run(AccumulativeRunnable.java:112) ~[?:?]
	at java.desktop/javax.swing.SwingWorker$DoSubmitAccumulativeRunnable.actionPerformed(SwingWorker.java:857) ~[?:?]
	at java.desktop/javax.swing.Timer.fireActionPerformed(Timer.java:310) ~[?:?]
	at java.desktop/javax.swing.Timer$DoPostEvent.run(Timer.java:242) ~[?:?]
	at java.desktop/java.awt.event.InvocationEvent.dispatch(InvocationEvent.java:316) ~[?:?]
	at java.desktop/java.awt.EventQueue.dispatchEventImpl(EventQueue.java:770) ~[?:?]
	at java.desktop/java.awt.EventQueue$4.run(EventQueue.java:721) ~[?:?]
	at java.desktop/java.awt.EventQueue$4.run(EventQueue.java:715) ~[?:?]
	at java.base/java.security.AccessController.doPrivileged(AccessController.java:391) [?:?]
	at java.base/java.security.ProtectionDomain$JavaSecurityAccessImpl.doIntersectionPrivilege(ProtectionDomain.java:85) [?:?]
	at java.desktop/java.awt.EventQueue.dispatchEvent(EventQueue.java:740) [?:?]
	at java.desktop/java.awt.EventDispatchThread.pumpOneEventForFilters(EventDispatchThread.java:203) [?:?]
	at java.desktop/java.awt.EventDispatchThread.pumpEventsForFilter(EventDispatchThread.java:124) [?:?]
	at java.desktop/java.awt.EventDispatchThread.pumpEventsForHierarchy(EventDispatchThread.java:113) [?:?]
	at java.desktop/java.awt.EventDispatchThread.pumpEvents(EventDispatchThread.java:109) [?:?]
	at java.desktop/java.awt.EventDispatchThread.pumpEvents(EventDispatchThread.java:101) [?:?]
	at java.desktop/java.awt.EventDispatchThread.run(EventDispatchThread.java:90) [?:?]
Caused by: java.io.UncheckedIOException: java.nio.file.AccessDeniedException: C:\Documents and Settings
	at java.base/java.nio.file.FileTreeIterator.fetchNextIfNeeded(FileTreeIterator.java:87) ~[?:?]
	at java.base/java.nio.file.FileTreeIterator.hasNext(FileTreeIterator.java:103) ~[?:?]
	at java.base/java.util.Spliterators$IteratorSpliterator.tryAdvance(Spliterators.java:1811) ~[?:?]
	at java.base/java.util.stream.StreamSpliterators$WrappingSpliterator.lambda$initPartialTraversalState$0(StreamSpliterators.java:294) ~[?:?]
	at java.base/java.util.stream.StreamSpliterators$AbstractWrappingSpliterator.fillBuffer(StreamSpliterators.java:206) ~[?:?]
	at java.base/java.util.stream.StreamSpliterators$AbstractWrappingSpliterator.doAdvance(StreamSpliterators.java:169) ~[?:?]
	at java.base/java.util.stream.StreamSpliterators$WrappingSpliterator.tryAdvance(StreamSpliterators.java:300) ~[?:?]
	at java.base/java.util.Spliterators$1Adapter.hasNext(Spliterators.java:681) ~[?:?]
	at com.filesystem.analyzer.utils.FileSystemScanner.getDirectoryStats(FileSystemScanner.java:175) ~[main/:?]
	at com.filesystem.analyzer.gui.MainFrame$4.doInBackground(MainFrame.java:422) ~[main/:?]
	at com.filesystem.analyzer.gui.MainFrame$4.doInBackground(MainFrame.java:418) ~[main/:?]
	at java.desktop/javax.swing.SwingWorker$1.call(SwingWorker.java:304) ~[?:?]
	at java.base/java.util.concurrent.FutureTask.run(FutureTask.java:264) ~[?:?]
	at java.desktop/javax.swing.SwingWorker.run(SwingWorker.java:343) ~[?:?]
	at java.base/java.util.concurrent.ThreadPoolExecutor.runWorker(ThreadPoolExecutor.java:1130) ~[?:?]
	at java.base/java.util.concurrent.ThreadPoolExecutor$Worker.run(ThreadPoolExecutor.java:630) ~[?:?]
	at java.base/java.lang.Thread.run(Thread.java:831) ~[?:?]
Caused by: java.nio.file.AccessDeniedException: C:\Documents and Settings
	at java.base/sun.nio.fs.WindowsException.translateToIOException(WindowsException.java:89) ~[?:?]
	at java.base/sun.nio.fs.WindowsException.rethrowAsIOException(WindowsException.java:103) ~[?:?]
	at java.base/sun.nio.fs.WindowsException.rethrowAsIOException(WindowsException.java:108) ~[?:?]
	at java.base/sun.nio.fs.WindowsDirectoryStream.<init>(WindowsDirectoryStream.java:86) ~[?:?]
	at java.base/sun.nio.fs.WindowsFileSystemProvider.newDirectoryStream(WindowsFileSystemProvider.java:533) ~[?:?]
	at java.base/java.nio.file.Files.newDirectoryStream(Files.java:476) ~[?:?]
	at java.base/java.nio.file.FileTreeWalker.visit(FileTreeWalker.java:300) ~[?:?]
	at java.base/java.nio.file.FileTreeWalker.next(FileTreeWalker.java:373) ~[?:?]
	at java.base/java.nio.file.FileTreeIterator.fetchNextIfNeeded(FileTreeIterator.java:94) ~[?:?]
	at java.base/java.nio.file.FileTreeIterator.hasNext(FileTreeIterator.java:103) ~[?:?]
	at java.base/java.util.Spliterators$IteratorSpliterator.tryAdvance(Spliterators.java:1811) ~[?:?]
	at java.base/java.util.stream.StreamSpliterators$WrappingSpliterator.lambda$initPartialTraversalState$0(StreamSpliterators.java:294) ~[?:?]
	at java.base/java.util.stream.StreamSpliterators$AbstractWrappingSpliterator.fillBuffer(StreamSpliterators.java:206) ~[?:?]
	at java.base/java.util.stream.StreamSpliterators$AbstractWrappingSpliterator.doAdvance(StreamSpliterators.java:169) ~[?:?]
	at java.base/java.util.stream.StreamSpliterators$WrappingSpliterator.tryAdvance(StreamSpliterators.java:300) ~[?:?]
	at java.base/java.util.Spliterators$1Adapter.hasNext(Spliterators.java:681) ~[?:?]
	at com.filesystem.analyzer.utils.FileSystemScanner.getDirectoryStats(FileSystemScanner.java:175) ~[main/:?]
	at com.filesystem.analyzer.gui.MainFrame$4.doInBackground(MainFrame.java:422) ~[main/:?]
	at com.filesystem.analyzer.gui.MainFrame$4.doInBackground(MainFrame.java:418) ~[main/:?]
	at java.desktop/javax.swing.SwingWorker$1.call(SwingWorker.java:304) ~[?:?]
	at java.base/java.util.concurrent.FutureTask.run(FutureTask.java:264) ~[?:?]
	at java.desktop/javax.swing.SwingWorker.run(SwingWorker.java:343) ~[?:?]
	at java.base/java.util.concurrent.ThreadPoolExecutor.runWorker(ThreadPoolExecutor.java:1130) ~[?:?]
	at java.base/java.util.concurrent.ThreadPoolExecutor$Worker.run(ThreadPoolExecutor.java:630) ~[?:?]
	at java.base/java.lang.Thread.run(Thread.java:831) ~[?:?]
2025-12-13 18:54:27.727 [Test worker] ERROR FileSystemScanner - ƒËÂÍÚÓËˇ ÌÂ ÒÛ˘ÂÒÚ‚ÛÂÚ ËÎË ÌÂ ˇ‚ÎˇÂÚÒˇ Ô‡ÔÍÓÈ: C:\Users\Admin\AppData\Local\Temp\junit13348406754744530088\non-existent
2025-12-13 18:54:27.781 [Test worker] ERROR FileSystemScanner - ƒËÂÍÚÓËˇ ÌÂ ÒÛ˘ÂÒÚ‚ÛÂÚ ËÎË ÌÂ ˇ‚ÎˇÂÚÒˇ Ô‡ÔÍÓÈ: C:\Users\Admin\AppData\Local\Temp\junit1227691760075803802\testfile.txt
2025-12-13 18:59:51.609 [SwingWorker-pool-4-thread-1] WARN  FileSystemScanner - –ù–µ —É–¥–∞–ª–æ—Å—å –ø–æ–ª—É—á–∏—Ç—å –≤–ª–∞–¥–µ–ª—å—Ü–∞ —Ñ–∞–π–ª–∞: C:\DumpStack.log.tmp - C:\DumpStack.log.tmp: –ü—Ä–æ—Ü–µ—Å—Å –Ω–µ –º–æ–∂–µ—Ç –ø–æ–ª—É—á–∏—Ç—å –¥–æ—Å—Ç—É–ø –∫ —Ñ–∞–π–ª—É, —Ç–∞–∫ –∫–∞–∫ —ç—Ç–æ—Ç —Ñ–∞–π–ª –∑–∞–Ω—è—Ç –¥—Ä—É–≥–∏–º –ø—Ä–æ—Ü–µ—Å—Å–æ–º
2025-12-13 18:59:51.611 [SwingWorker-pool-4-thread-1] WARN  FileSystemScanner - –ù–µ —É–¥–∞–ª–æ—Å—å –ø–æ–ª—É—á–∏—Ç—å –≤–ª–∞–¥–µ–ª—å—Ü–∞ —Ñ–∞–π–ª–∞: C:\hiberfil.sys - C:\hiberfil.sys: –ü—Ä–æ—Ü–µ—Å—Å –Ω–µ –º–æ–∂–µ—Ç –ø–æ–ª—É—á–∏—Ç—å –¥–æ—Å—Ç—É–ø –∫ —Ñ–∞–π–ª—É, —Ç–∞–∫ –∫–∞–∫ —ç—Ç–æ—Ç —Ñ–∞–π–ª –∑–∞–Ω—è—Ç –¥—Ä—É–≥–∏–º –ø—Ä–æ—Ü–µ—Å—Å–æ–º
2025-12-13 18:59:51.614 [SwingWorker-pool-4-thread-1] WARN  FileSystemScanner - –ù–µ —É–¥–∞–ª–æ—Å—å –ø–æ–ª—É—á–∏—Ç—å –≤–ª–∞–¥–µ–ª—å—Ü–∞ —Ñ–∞–π–ª–∞: C:\pagefile.sys - C:\pagefile.sys: –ü—Ä–æ—Ü–µ—Å—Å –Ω–µ –º–æ–∂–µ—Ç –ø–æ–ª—É—á–∏—Ç—å –¥–æ—Å—Ç—É–ø –∫ —Ñ–∞–π–ª—É, —Ç–∞–∫ –∫–∞–∫ —ç—Ç–æ—Ç —Ñ–∞–π–ª –∑–∞–Ω—è—Ç –¥—Ä—É–≥–∏–º –ø—Ä–æ—Ü–µ—Å—Å–æ–º
2025-12-13 18:59:51.621 [SwingWorker-pool-4-thread-1] WARN  FileSystemScanner - –ù–µ —É–¥–∞–ª–æ—Å—å –ø–æ–ª—É—á–∏—Ç—å –≤–ª–∞–¥–µ–ª—å—Ü–∞ —Ñ–∞–π–ª–∞: C:\swapfile.sys - C:\swapfile.sys: –ü—Ä–æ—Ü–µ—Å—Å –Ω–µ –º–æ–∂–µ—Ç –ø–æ–ª—É—á–∏—Ç—å –¥–æ—Å—Ç—É–ø –∫ —Ñ–∞–π–ª—É, —Ç–∞–∫ –∫–∞–∫ —ç—Ç–æ—Ç —Ñ–∞–π–ª –∑–∞–Ω—è—Ç –¥—Ä—É–≥–∏–º –ø—Ä–æ—Ü–µ—Å—Å–æ–º
2025-12-13 18:59:53.206 [AWT-EventQueue-0] ERROR MainFrame - –û—à–∏–±–∫–∞ –ø—Ä–∏ —Ä–∞—Å—á–µ—Ç–µ —Å—Ç–∞—Ç–∏—Å—Ç–∏–∫–∏ –ø–∞–ø–∫–∏ ProgramData: java.io.UncheckedIOException: java.nio.file.AccessDeniedException: C:\ProgramData\Application Data
java.util.concurrent.ExecutionException: java.io.UncheckedIOException: java.nio.file.AccessDeniedException: C:\ProgramData\Application Data
	at java.base/java.util.concurrent.FutureTask.report(FutureTask.java:122) ~[?:?]
	at java.base/java.util.concurrent.FutureTask.get(FutureTask.java:191) ~[?:?]
	at java.desktop/javax.swing.SwingWorker.get(SwingWorker.java:613) ~[?:?]
	at com.filesystem.analyzer.gui.MainFrame$4.done(MainFrame.java:428) ~[main/:?]
	at java.desktop/javax.swing.SwingWorker$5.run(SwingWorker.java:750) ~[?:?]
	at java.desktop/javax.swing.SwingWorker$DoSubmitAccumulativeRunnable.run(SwingWorker.java:847) ~[?:?]
	at java.desktop/sun.swing.AccumulativeRunnable.run(AccumulativeRunnable.java:112) ~[?:?]
	at java.desktop/javax.swing.SwingWorker$DoSubmitAccumulativeRunnable.actionPerformed(SwingWorker.java:857) ~[?:?]
	at java.desktop/javax.swing.Timer.fireActionPerformed(Timer.java:310) ~[?:?]
	at java.desktop/javax.swing.Timer$DoPostEvent.run(Timer.java:242) ~[?:?]
	at java.desktop/java.awt.event.InvocationEvent.dispatch(InvocationEvent.java:316) ~[?:?]
	at java.desktop/java.awt.EventQueue.dispatchEventImpl(EventQueue.java:770) ~[?:?]
	at java.desktop/java.awt.EventQueue$4.run(EventQueue.java:721) ~[?:?]
	at java.desktop/java.awt.EventQueue$4.run(EventQueue.java:715) ~[?:?]
	at java.base/java.security.AccessController.doPrivileged(AccessController.java:391) [?:?]
	at java.base/java.security.ProtectionDomain$JavaSecurityAccessImpl.doIntersectionPrivilege(ProtectionDomain.java:85) [?:?]
	at java.desktop/java.awt.EventQueue.dispatchEvent(EventQueue.java:740) [?:?]
	at java.desktop/java.awt.EventDispatchThread.pumpOneEventForFilters(EventDispatchThread.java:203) [?:?]
	at java.desktop/java.awt.EventDispatchThread.pumpEventsForFilter(EventDispatchThread.java:124) [?:?]
	at java.desktop/java.awt.EventDispatchThread.pumpEventsForHierarchy(EventDispatchThread.java:113) [?:?]
	at java.desktop/java.awt.EventDispatchThread.pumpEvents(EventDispatchThread.java:109) [?:?]
	at java.desktop/java.awt.EventDispatchThread.pumpEvents(EventDispatchThread.java:101) [?:?]
	at java.desktop/java.awt.EventDispatchThread.run(EventDispatchThread.java:90) [?:?]
Caused by: java.io.UncheckedIOException: java.nio.file.AccessDeniedException: C:\ProgramData\Application Data
	at java.base/java.nio.file.FileTreeIterator.fetchNextIfNeeded(FileTreeIterator.java:87) ~[?:?]
	at java.base/java.nio.file.FileTreeIterator.hasNext(FileTreeIterator.java:103) ~[?:?]
	at java.base/java.util.Spliterators$IteratorSpliterator.tryAdvance(Spliterators.java:1811) ~[?:?]
	at java.base/java.util.stream.StreamSpliterators$WrappingSpliterator.lambda$initPartialTraversalState$0(StreamSpliterators.java:294) ~[?:?]
	at java.base/java.util.stream.StreamSpliterators$AbstractWrappingSpliterator.fillBuffer(StreamSpliterators.java:206) ~[?:?]
	at java.base/java.util.stream.StreamSpliterators$AbstractWrappingSpliterator.doAdvance(StreamSpliterators.java:169) ~[?:?]
	at java.base/java.util.stream.StreamSpliterators$WrappingSpliterator.tryAdvance(StreamSpliterators.java:300) ~[?:?]
	at java.base/java.util.Spliterators$1Adapter.hasNext(Spliterators.java:681) ~[?:?]
	at com.filesystem.analyzer.utils.FileSystemScanner.getDirectoryStats(FileSystemScanner.java:175) ~[main/:?]
	at com.filesystem.analyzer.gui.MainFrame$4.doInBackground(MainFrame.java:422) ~[main/:?]
	at com.filesystem.analyzer.gui.MainFrame$4.doInBackground(MainFrame.java:418) ~[main/:?]
	at java.desktop/javax.swing.SwingWorker$1.call(SwingWorker.java:304) ~[?:?]
	at java.base/java.util.concurrent.FutureTask.run(FutureTask.java:264) ~[?:?]
	at java.desktop/javax.swing.SwingWorker.run(SwingWorker.java:343) ~[?:?]
	at java.base/java.util.concurrent.ThreadPoolExecutor.runWorker(ThreadPoolExecutor.java:1130) ~[?:?]
	at java.base/java.util.concurrent.ThreadPoolExecutor$Worker.run(ThreadPoolExecutor.java:630) ~[?:?]
	at java.base/java.lang.Thread.run(Thread.java:831) ~[?:?]
Caused by: java.nio.file.AccessDeniedException: C:\ProgramData\Application Data
	at java.base/sun.nio.fs.WindowsException.translateToIOException(WindowsException.java:89) ~[?:?]
	at java.base/sun.nio.fs.WindowsException.rethrowAsIOException(WindowsException.java:103) ~[?:?]
	at java.base/sun.nio.fs.WindowsException.rethrowAsIOException(WindowsException.java:108) ~[?:?]
	at java.base/sun.nio.fs.WindowsDirectoryStream.<init>(WindowsDirectoryStream.java:86) ~[?:?]
	at java.base/sun.nio.fs.WindowsFileSystemProvider.newDirectoryStream(WindowsFileSystemProvider.java:533) ~[?:?]
	at java.base/java.nio.file.Files.newDirectoryStream(Files.java:476) ~[?:?]
	at java.base/java.nio.file.FileTreeWalker.visit(FileTreeWalker.java:300) ~[?:?]
	at java.base/java.nio.file.FileTreeWalker.next(FileTreeWalker.java:373) ~[?:?]
	at java.base/java.nio.file.FileTreeIterator.fetchNextIfNeeded(FileTreeIterator.java:83) ~[?:?]
	at java.base/java.nio.file.FileTreeIterator.hasNext(FileTreeIterator.java:103) ~[?:?]
	at java.base/java.util.Spliterators$IteratorSpliterator.tryAdvance(Spliterators.java:1811) ~[?:?]
	at java.base/java.util.stream.StreamSpliterators$WrappingSpliterator.lambda$initPartialTraversalState$0(StreamSpliterators.java:294) ~[?:?]
	at java.base/java.util.stream.StreamSpliterators$AbstractWrappingSpliterator.fillBuffer(StreamSpliterators.java:206) ~[?:?]
	at java.base/java.util.stream.StreamSpliterators$AbstractWrappingSpliterator.doAdvance(StreamSpliterators.java:169) ~[?:?]
	at java.base/java.util.stream.StreamSpliterators$WrappingSpliterator.tryAdvance(StreamSpliterators.java:300) ~[?:?]
	at java.base/java.util.Spliterators$1Adapter.hasNext(Spliterators.java:681) ~[?:?]
	at com.filesystem.analyzer.utils.FileSystemScanner.getDirectoryStats(FileSystemScanner.java:175) ~[main/:?]
	at com.filesystem.analyzer.gui.MainFrame$4.doInBackground(MainFrame.java:422) ~[main/:?]
	at com.filesystem.analyzer.gui.MainFrame$4.doInBackground(MainFrame.java:418) ~[main/:?]
	at java.desktop/javax.swing.SwingWorker$1.call(SwingWorker.java:304) ~[?:?]
	at java.base/java.util.concurrent.FutureTask.run(FutureTask.java:264) ~[?:?]
	at java.desktop/javax.swing.SwingWorker.run(SwingWorker.java:343) ~[?:?]
	at java.base/java.util.concurrent.ThreadPoolExecutor.runWorker(ThreadPoolExecutor.java:1130) ~[?:?]
	at java.base/java.util.concurrent.ThreadPoolExecutor$Worker.run(ThreadPoolExecutor.java:630) ~[?:?]
	at java.base/java.lang.Thread.run(Thread.java:831) ~[?:?]
2025-12-13 19:00:04.214 [AWT-EventQueue-0] ERROR MainFrame - –û—à–∏–±–∫–∞ –ø—Ä–∏ —Ä–∞—Å—á–µ—Ç–µ —Å—Ç–∞—Ç–∏—Å—Ç–∏–∫–∏ –ø–∞–ø–∫–∏ Users: java.io.UncheckedIOException: java.nio.file.AccessDeniedException: C:\Users\Admin\AppData\Local\Application Data
java.util.concurrent.ExecutionException: java.io.UncheckedIOException: java.nio.file.AccessDeniedException: C:\Users\Admin\AppData\Local\Application Data
	at java.base/java.util.concurrent.FutureTask.report(FutureTask.java:122) ~[?:?]
	at java.base/java.util.concurrent.FutureTask.get(FutureTask.java:191) ~[?:?]
	at java.desktop/javax.swing.SwingWorker.get(SwingWorker.java:613) ~[?:?]
	at com.filesystem.analyzer.gui.MainFrame$4.done(MainFrame.java:428) ~[main/:?]
	at java.desktop/javax.swing.SwingWorker$5.run(SwingWorker.java:750) ~[?:?]
	at java.desktop/javax.swing.SwingWorker$DoSubmitAccumulativeRunnable.run(SwingWorker.java:847) ~[?:?]
	at java.desktop/sun.swing.AccumulativeRunnable.run(AccumulativeRunnable.java:112) ~[?:?]
	at java.desktop/javax.swing.SwingWorker$DoSubmitAccumulativeRunnable.actionPerformed(SwingWorker.java:857) ~[?:?]
	at java.desktop/javax.swing.Timer.fireActionPerformed(Timer.java:310) ~[?:?]
	at java.desktop/javax.swing.Timer$DoPostEvent.run(Timer.java:242) ~[?:?]
	at java.desktop/java.awt.event.InvocationEvent.dispatch(InvocationEvent.java:316) ~[?:?]
	at java.desktop/java.awt.EventQueue.dispatchEventImpl(EventQueue.java:770) ~[?:?]
	at java.desktop/java.awt.EventQueue$4.run(EventQueue.java:721) ~[?:?]
	at java.desktop/java.awt.EventQueue$4.run(EventQueue.java:715) ~[?:?]
	at java.base/java.security.AccessController.doPrivileged(AccessController.java:391) [?:?]
	at java.base/java.security.ProtectionDomain$JavaSecurityAccessImpl.doIntersectionPrivilege(ProtectionDomain.java:85) [?:?]
	at java.desktop/java.awt.EventQueue.dispatchEvent(EventQueue.java:740) [?:?]
	at java.desktop/java.awt.EventDispatchThread.pumpOneEventForFilters(EventDispatchThread.java:203) [?:?]
	at java.desktop/java.awt.EventDispatchThread.pumpEventsForFilter(EventDispatchThread.java:124) [?:?]
	at java.desktop/java.awt.EventDispatchThread.pumpEventsForHierarchy(EventDispatchThread.java:113) [?:?]
	at java.desktop/java.awt.EventDispatchThread.pumpEvents(EventDispatchThread.java:109) [?:?]
	at java.desktop/java.awt.EventDispatchThread.pumpEvents(EventDispatchThread.java:101) [?:?]
	at java.desktop/java.awt.EventDispatchThread.run(EventDispatchThread.java:90) [?:?]
Caused by: java.io.UncheckedIOException: java.nio.file.AccessDeniedException: C:\Users\Admin\AppData\Local\Application Data
	at java.base/java.nio.file.FileTreeIterator.fetchNextIfNeeded(FileTreeIterator.java:87) ~[?:?]
	at java.base/java.nio.file.FileTreeIterator.hasNext(FileTreeIterator.java:103) ~[?:?]
	at java.base/java.util.Spliterators$IteratorSpliterator.tryAdvance(Spliterators.java:1811) ~[?:?]
	at java.base/java.util.stream.StreamSpliterators$WrappingSpliterator.lambda$initPartialTraversalState$0(StreamSpliterators.java:294) ~[?:?]
	at java.base/java.util.stream.StreamSpliterators$AbstractWrappingSpliterator.fillBuffer(StreamSpliterators.java:206) ~[?:?]
	at java.base/java.util.stream.StreamSpliterators$AbstractWrappingSpliterator.doAdvance(StreamSpliterators.java:169) ~[?:?]
	at java.base/java.util.stream.StreamSpliterators$WrappingSpliterator.tryAdvance(StreamSpliterators.java:300) ~[?:?]
	at java.base/java.util.Spliterators$1Adapter.hasNext(Spliterators.java:681) ~[?:?]
	at com.filesystem.analyzer.utils.FileSystemScanner.getDirectoryStats(FileSystemScanner.java:175) ~[main/:?]
	at com.filesystem.analyzer.gui.MainFrame$4.doInBackground(MainFrame.java:422) ~[main/:?]
	at com.filesystem.analyzer.gui.MainFrame$4.doInBackground(MainFrame.java:418) ~[main/:?]
	at java.desktop/javax.swing.SwingWorker$1.call(SwingWorker.java:304) ~[?:?]
	at java.base/java.util.concurrent.FutureTask.run(FutureTask.java:264) ~[?:?]
	at java.desktop/javax.swing.SwingWorker.run(SwingWorker.java:343) ~[?:?]
	at java.base/java.util.concurrent.ThreadPoolExecutor.runWorker(ThreadPoolExecutor.java:1130) ~[?:?]
	at java.base/java.util.concurrent.ThreadPoolExecutor$Worker.run(ThreadPoolExecutor.java:630) ~[?:?]
	at java.base/java.lang.Thread.run(Thread.java:831) ~[?:?]
Caused by: java.nio.file.AccessDeniedException: C:\Users\Admin\AppData\Local\Application Data
	at java.base/sun.nio.fs.WindowsException.translateToIOException(WindowsException.java:89) ~[?:?]
	at java.base/sun.nio.fs.WindowsException.rethrowAsIOException(WindowsException.java:103) ~[?:?]
	at java.base/sun.nio.fs.WindowsException.rethrowAsIOException(WindowsException.java:108) ~[?:?]
	at java.base/sun.nio.fs.WindowsDirectoryStream.<init>(WindowsDirectoryStream.java:86) ~[?:?]
	at java.base/sun.nio.fs.WindowsFileSystemProvider.newDirectoryStream(WindowsFileSystemProvider.java:533) ~[?:?]
	at java.base/java.nio.file.Files.newDirectoryStream(Files.java:476) ~[?:?]
	at java.base/java.nio.file.FileTreeWalker.visit(FileTreeWalker.java:300) ~[?:?]
	at java.base/java.nio.file.FileTreeWalker.next(FileTreeWalker.java:373) ~[?:?]
	at java.base/java.nio.file.FileTreeIterator.fetchNextIfNeeded(FileTreeIterator.java:83) ~[?:?]
	at java.base/java.nio.file.FileTreeIterator.hasNext(FileTreeIterator.java:103) ~[?:?]
	at java.base/java.util.Spliterators$IteratorSpliterator.tryAdvance(Spliterators.java:1811) ~[?:?]
	at java.base/java.util.stream.StreamSpliterators$WrappingSpliterator.lambda$initPartialTraversalState$0(StreamSpliterators.java:294) ~[?:?]
	at java.base/java.util.stream.StreamSpliterators$AbstractWrappingSpliterator.fillBuffer(StreamSpliterators.java:206) ~[?:?]
	at java.base/java.util.stream.StreamSpliterators$AbstractWrappingSpliterator.doAdvance(StreamSpliterators.java:169) ~[?:?]
	at java.base/java.util.stream.StreamSpliterators$WrappingSpliterator.tryAdvance(StreamSpliterators.java:300) ~[?:?]
	at java.base/java.util.Spliterators$1Adapter.hasNext(Spliterators.java:681) ~[?:?]
	at com.filesystem.analyzer.utils.FileSystemScanner.getDirectoryStats(FileSystemScanner.java:175) ~[main/:?]
	at com.filesystem.analyzer.gui.MainFrame$4.doInBackground(MainFrame.java:422) ~[main/:?]
	at com.filesystem.analyzer.gui.MainFrame$4.doInBackground(MainFrame.java:418) ~[main/:?]
	at java.desktop/javax.swing.SwingWorker$1.call(SwingWorker.java:304) ~[?:?]
	at java.base/java.util.concurrent.FutureTask.run(FutureTask.java:264) ~[?:?]
	at java.desktop/javax.swing.SwingWorker.run(SwingWorker.java:343) ~[?:?]
	at java.base/java.util.concurrent.ThreadPoolExecutor.runWorker(ThreadPoolExecutor.java:1130) ~[?:?]
	at java.base/java.util.concurrent.ThreadPoolExecutor$Worker.run(ThreadPoolExecutor.java:630) ~[?:?]
	at java.base/java.lang.Thread.run(Thread.java:831) ~[?:?]
